<?xml version="1.0" encoding="UTF-8"?>
<!-- Generated by org.testng.reporters.JUnitReportReporter -->
<testsuite hostname="LAPTOP-IOEN3K60" failures="0" tests="1" name="tests.SentInvitationsTest" time="0.255" errors="0" timestamp="2021-08-04T20:47:12 IST" skipped="0">
  <testcase classname="tests.SentInvitationsTest" name="paginationTest" time="0.255"/>
  <system-out/>
</testsuite> <!-- tests.SentInvitationsTest -->
