<?xml version="1.0" encoding="UTF-8"?>
<!-- Generated by org.testng.reporters.JUnitReportReporter -->
<testsuite skipped="0" hostname="LAPTOP-IOEN3K60" name="tests.SentInvitationsTest" tests="1" failures="0" timestamp="2021-08-04T23:38:59 IST" time="30.573" errors="0">
  <testcase name="paginationTest" time="30.573" classname="tests.SentInvitationsTest"/>
  <system-out/>
</testsuite> <!-- tests.SentInvitationsTest -->
